<?xml version="1.0" encoding="UTF-8" ?>
<testsuite skipped="0" tests="3" failures="0" errors="0" name="org.example.addRemove.TestMyXMLFileReader" time="0.147">
  <properties>
[...]
</properties>
  <testcase classname="org.example.addRemove.TestMyXMLFileReader" name="testAddWord" time="0.124"/>
  <testcase classname="org.example.addRemove.TestMyXMLFileReader" name="testInitializeDatabase" time="0.009"/>
  <testcase classname="org.example.addRemove.TestMyXMLFileReader" name="testGetMeaning" time="0.011"/>
</testsuite>